<?xml version="1.0" encoding="UTF-8"?>
<!-- Generated by org.testng.reporters.JUnitReportReporter -->
<testsuite hostname="DESKTOP-Q7V28DS" failures="0" tests="1" name="testNGpractice.TestNGpractice1" time="6.962" errors="0" timestamp="2021-01-25T18:58:48 EST" skipped="0">
  <testcase classname="testNGpractice.TestNGpractice1" name="gmailTest" time="6.962"/>
  <system-out/>
</testsuite> <!-- testNGpractice.TestNGpractice1 -->
