<?xml version="1.0" encoding="UTF-8"?>
<!-- Generated by org.testng.reporters.JUnitReportReporter -->
<testsuite hostname="DESKTOP-Q7V28DS" failures="0" tests="1" name="NoPackageTest" time="0.008" errors="0" timestamp="21 Jan 2021 12:51:43 GMT">
  <testcase classname="NoPackageTest" name="test" time="0.008"/>
</testsuite> <!-- NoPackageTest -->
