<?xml version="1.0" encoding="UTF-8"?>
<!-- Generated by org.testng.reporters.JUnitReportReporter -->
<testsuite hostname="DESKTOP-Q7V28DS" failures="0" tests="2" name="FirstTestNG" time="11.467" errors="0" timestamp="21 Jan 2021 09:11:39 GMT">
  <testcase classname="FirstTestNG" name="secondTest" time="5.492"/>
  <testcase classname="FirstTestNG" name="firstTest" time="5.975"/>
</testsuite> <!-- FirstTestNG -->
