<?xml version="1.0" encoding="UTF-8"?>
<!-- Generated by org.testng.reporters.JUnitReportReporter -->
<testsuite hostname="DESKTOP-Q7V28DS" failures="0" tests="1" name="Test1" time="13.926" errors="0" timestamp="16 Jan 2021 21:56:21 GMT">
  <testcase classname="Test1" name="chromeTest" time="13.926"/>
</testsuite> <!-- Test1 -->
