<?xml version="1.0" encoding="UTF-8"?>
<!-- Generated by org.testng.reporters.JUnitReportReporter -->
<testsuite ignored="0" hostname="DESKTOP-Q7V28DS" failures="0" tests="1" name="testNGpractice.GmailTestTest" time="4.710" errors="0" timestamp="26 Jan 2021 02:12:51 GMT" skipped="0">
  <testcase classname="testNGpractice.GmailTestTest" name="gmailTest" time="4.710"/>
</testsuite> <!-- testNGpractice.GmailTestTest -->
