<?xml version="1.0" encoding="UTF-8"?>
<!-- Generated by org.testng.reporters.JUnitReportReporter -->
<testsuite hostname="DESKTOP-Q7V28DS" failures="0" tests="7" name="RestTest" time="3.099" errors="0" timestamp="2021-02-27T10:27:39 EST" skipped="0">
  <testcase classname="RestTest" name="test3" time="0.119"/>
  <system-out/>
  <testcase classname="RestTest" name="Test2" time="1.992"/>
  <system-out/>
  <testcase classname="RestTest" name="test1" time="0.071"/>
  <system-out/>
  <testcase classname="RestTest" name="test5" time="0.170"/>
  <system-out/>
  <testcase classname="RestTest" name="test7" time="0.315"/>
  <system-out/>
  <testcase classname="RestTest" name="test6" time="0.328"/>
  <system-out/>
  <testcase classname="RestTest" name="test4" time="0.104"/>
  <system-out/>
</testsuite> <!-- RestTest -->
